4 - 0 - 4 - wb - wa
32
0 0 data read miss (compulsory)
2 1 instruction miss (compulsory, replaces 00000 if assoc=1 & unified)
2 15 instruction miss (compulsory, replaces 00000 if assoc=2 & unified)
2 14 instruction miss (compulsory, replaces 00000 if assoc=2 & unified)
2 14 instruction miss (compulsory, replaces 00000 if assoc=4 & unified)
0 15 data read miss (miss if assoc=1 & unified)
2 16 instruction miss (miss if assoc=1 & unified)
0 2
0 23
0 27
0 16
0 14
0 1
0 21
0 22
0 23
0 22
0 10
0 18
0 15
0 1
0 0
0 14
0 28
0 25